; Top Design: "ADS_lib:Wilkinson_Power_Divider_2_sections:schematic"
; Netlisted using Hierarchy Policy: "Standard"

Options ResourceUsage=yes UseNutmegFormat=no EnableOptim=no TopDesignName="ADS_lib:Wilkinson_Power_Divider_2_sections:schematic" DcopOutputNodeVoltages=yes DcopOutputPinCurrents=yes DcopOutputAllSweepPoints=no DcopOutputDcopType=0
MLIN2:TL1  N__8 N__3 Subst="MSub1" W=0.534303 mm L=2 mm Wall1=2.5e+28 mm Wall2=2.5e+28 mm Mod=1 
MTEE_ADS:Tee1  N__4 N__17 N__3 Subst="MSub1" W1=0.119627 mm opt{ 0.165 mm to 0.496 mm } W2=0.119627 mm opt{ 0.165 mm to 0.496 mm } W3=0.534303 mm opt{ 0.267 mm to 0.801 mm } 
Port:Term1  N__8 0 Num=1 Z=50 Ohm noopt{ 25 Ohm to 75 Ohm } Noise=yes 
Port:Term2  N__19 0 Num=2 Z=50 Ohm noopt{ 25 Ohm to 75 Ohm } Noise=yes 
Port:Term3  N__1 0 Num=3 Z=50 Ohm noopt{ 25 Ohm to 75 Ohm } Noise=yes 
model MSub1 MSUB H=0.635 mm Er=11.2 Mur=1 Cond=5.8e7 Hu=1e+33 mm T=17.5 um TanD=0.0022 Rough=0 mm DielectricLossModel=1 FreqForEpsrTanD=1.0 GHz LowFreqForTanD=1.0 kHz HighFreqForTanD=1.0 THz RoughnessModel=2 
S_Param:SP1 CalcS=yes CalcY=no CalcZ=no GroupDelayAperture=1e-4 FreqConversion=no FreqConversionPort=1 StatusLevel=2 CalcNoise=no SortNoise=0 BandwidthForNoise=1.0 Hz DevOpPtLevel=0 \
SweepVar="freq" SweepPlan="SP1_stim" OutputPlan="SP1_Output" 

SweepPlan: SP1_stim Start=1.0 GHz Stop=10.0 GHz Lin=50 

OutputPlan:SP1_Output \
      Type="Output" \
      UseEquationNestLevel=yes \
      EquationNestLevel=2 \
      UseSavedEquationNestLevel=yes \
      SavedEquationNestLevel=2

#load "python","LinearCollapse"
Component Module="LinearCollapse" Type="ModelExtractor" NetworkRepresentation=2
MTEE_ADS:Tee2  N__18 N__9 N__14 Subst="MSub1" W1=0.119627 mm opt{ 0.0165 mm to 0.496 mm } W2=0.119627 mm opt{ 0.165 mm to 0.496 mm } W3=0.4 mm opt{ 0.267 mm to 0.801 mm } 
MTEE_ADS:Tee3  N__12 N__20 N__11 Subst="MSub1" W1=0.119627 mm opt{ 0.165 mm to 0.496 mm } W2=0.119627 mm opt{ 0.165 mm to 0.496 mm } W3=0.4 mm opt{ 0.267 mm to 0.801 mm } 
OptimGoal:OptimGoal1 Expr="dB(S(2,1))" SimInstanceName="SP1" Weight=1.0 \
IndepVar[1]="freq" \
SpecLimitLine[1]="OptimGoal1_limit1" 
SpecLimitLine:"OptimGoal1_limit1" Type="GreaterThan" Min=-6 Weight=1.0 \
IndepVar[1]="freq" IndepMin[1]=3 GHz IndepMax[1]=5 GHz 
OptimGoal:OptimGoal2 Expr="dB(S(1,1))" SimInstanceName="SP1" Weight=1.0 \
IndepVar[1]="freq" \
SpecLimitLine[1]="OptimGoal2_limit1" 
SpecLimitLine:"OptimGoal2_limit1" Type="LessThan" Max=-15 Weight=1.0 \
IndepVar[1]="freq" IndepMin[1]=3 GHz IndepMax[1]=5 GHz 
OptimGoal:OptimGoal3 Expr="dB(S(3,1))" SimInstanceName="SP1" Weight=1.0 \
IndepVar[1]="freq" \
SpecLimitLine[1]="OptimGoal3_limit1" 
SpecLimitLine:"OptimGoal3_limit1" Type="GreaterThan" Min=-6 Weight=1.0 \
IndepVar[1]="freq" IndepMin[1]=3 GHz IndepMax[1]=5 GHz 
OptimGoal:OptimGoal4 Expr="dB(S(2,2))" SimInstanceName="SP1" Weight=1.0 \
IndepVar[1]="freq" \
SpecLimitLine[1]="OptimGoal4_limit1" 
SpecLimitLine:"OptimGoal4_limit1" Type="LessThan" Max=-15 Weight=1.0 \
IndepVar[1]="freq" IndepMin[1]=3 GHz IndepMax[1]=5 GHz 
OptimGoal:OptimGoal5 Expr="dB(S(3,3))" SimInstanceName="SP1" Weight=1.0 \
IndepVar[1]="freq" \
SpecLimitLine[1]="OptimGoal5_limit1" 
SpecLimitLine:"OptimGoal5_limit1" Type="LessThan" Max=-15 Weight=1.0 \
IndepVar[1]="freq" IndepMin[1]=3 GHz IndepMax[1]=5 GHz 
OptimGoal:OptimGoal6 Expr="dB(S(2,3))" SimInstanceName="SP1" Weight=1.0 \
IndepVar[1]="freq" \
SpecLimitLine[1]="OptimGoal6_limit1" 
SpecLimitLine:"OptimGoal6_limit1" Type="LessThan" Max=-20 Weight=1.0 \
IndepVar[1]="freq" IndepMin[1]=3 GHz IndepMax[1]=5 GHz 
OptimGoal:OptimGoal7 Expr="dB(S(3,2))" SimInstanceName="SP1" Weight=1.0 \
IndepVar[1]="freq" \
SpecLimitLine[1]="OptimGoal7_limit1" 
SpecLimitLine:"OptimGoal7_limit1" Type="LessThan" Max=-20 Weight=1.0 \
IndepVar[1]="freq" IndepMin[1]=3 GHz IndepMax[1]=5 GHz 

Optim:"Optim1" OptimType="hpVMO" ErrorForm="L2" MaxIters=5000 P=2 DesiredError=0.0 StatusLevel=4 FinalAnalysis="None" NormalizeGoals=yes SetBestValues=yes SaveSolns=yes SaveGoals=yes SaveOptimVars=no UpdateDataset=yes SaveNominal=no SaveAllIterations=no UseAllOptVars=yes UseAllGoals=yes SaveCurrentEF=no InitialTempControlMode=0 SANumTrialsPerIter=10 NumShootsPerIter=20 SATempControlAlpha=0.8 EnableCockpit=yes NormalizeError=yes SaveAllTrials=no UseAdvTermCriteria=no CostRelativeTol=1.0e-8 LimitOfContSmallImprovement=5 

MCURVE:Curve9  N__19 N__9 Subst="MSub1" W=0.330958 mm opt{ unconst } Angle=180 Radius=2.2515 mm 
MCURVE:Curve10  N__12 N__1 Subst="MSub1" W=0.330958 mm opt{ unconst } Angle=180 Radius=2.2515 mm 
MCURVE:Curve11  N__18 N__4 Subst="MSub1" W=0.119627 mm opt{ 0.0598 mm to 0.179 mm } Angle=180 Radius=2.3322 mm 
MCURVE:Curve12  N__17 N__20 Subst="MSub1" W=0.119627 mm opt{ 0.0598 mm to 0.179 mm } Angle=180 Radius=2.3322 mm 
R:R5  N__11 N__14 R=94.5981 Ohm opt{ unconst } 
R:R3  N__19 N__1 R=72.05 Ohm opt{ unconst } 
