<?xml version="1.0" encoding="UTF-8"?>
<port_setup version="1.3">
  <calibration_group_list>
    <calibration_group id="1">
      <type>Auto</type>
      <auto_split>true</auto_split>
    </calibration_group>
  </calibration_group_list>
  <port_list>
    <port id="1">
      <name>P1</name>
      <plus_pin>P1</plus_pin>
      <impedance>
        <real>50</real>
        <imag>0</imag>
      </impedance>
      <calibration_group_ref ref="1" />
    </port>
    <port id="2">
      <name>P2</name>
      <plus_pin>P2</plus_pin>
      <impedance>
        <real>50</real>
        <imag>0</imag>
      </impedance>
      <calibration_group_ref ref="1" />
    </port>
    <port id="3">
      <name>P3</name>
      <plus_pin>P3</plus_pin>
      <impedance>
        <real>50</real>
        <imag>0</imag>
      </impedance>
      <calibration_group_ref ref="1" />
    </port>
    <port id="4">
      <name>P2up</name>
      <plus_pin>P2up</plus_pin>
      <minus_pin>P2down</minus_pin>
      <impedance>
        <real>94.5961</real>
        <imag>0</imag>
      </impedance>
      <calibration_group_ref ref="1" />
    </port>
    <port id="5">
      <name>P1up</name>
      <plus_pin>P1up</plus_pin>
      <minus_pin>P1down</minus_pin>
      <impedance>
        <real>72.05</real>
        <imag>0</imag>
      </impedance>
      <calibration_group_ref ref="1" />
    </port>
  </port_list>
</port_setup>
