<?xml version="1.0" encoding="UTF-8"?>
<port_setup version="1.1">
  <port_list>
    <port id="1">
      <name>P1</name>
      <plus_pin>P1</plus_pin>
      <impedance>
        <real>50</real>
        <imag>0</imag>
      </impedance>
    </port>
    <port id="2">
      <name>P2</name>
      <plus_pin>P2</plus_pin>
      <impedance>
        <real>50</real>
        <imag>0</imag>
      </impedance>
    </port>
    <port id="3">
      <name>P3</name>
      <plus_pin>P3</plus_pin>
      <impedance>
        <real>50</real>
        <imag>0</imag>
      </impedance>
    </port>
    <port id="4">
      <name>PR1_1</name>
      <plus_pin>PR1_1</plus_pin>
      <minus_pin>PR1_2</minus_pin>
      <impedance>
        <real>72.05</real>
        <imag>0</imag>
      </impedance>
    </port>
    <port id="5">
      <name>PR2_1</name>
      <plus_pin>PR2_1</plus_pin>
      <minus_pin>PR2_2</minus_pin>
      <impedance>
        <real>94.5981</real>
        <imag>0</imag>
      </impedance>
    </port>
  </port_list>
</port_setup>
